<?xml version="1.0" encoding="UTF-8"?>
<testng-results ignored="0" total="3" passed="2" failed="1" skipped="0">
  <reporter-output>
  </reporter-output>
  <suite started-at="2023-04-09T08:35:40 PDT" name="Default suite" finished-at="2023-04-09T08:36:00 PDT" duration-ms="19529">
    <groups>
      <group name="A">
        <method signature="SmartBuyTesting.Chack_The_Correct_Price()[pri:0, instance:SmartBuyTesting@323b36e0]" name="Chack_The_Correct_Price" class="SmartBuyTesting"/>
        <method signature="SmartBuyTesting.Test_Adding_Itdm_SAMSUNG_50_inch_SMART_4K()[pri:0, instance:SmartBuyTesting@323b36e0]" name="Test_Adding_Itdm_SAMSUNG_50_inch_SMART_4K" class="SmartBuyTesting"/>
      </group> <!-- A -->
      <group name="B">
        <method signature="SmartBuyTesting.Chack_The_Discount_Price()[pri:0, instance:SmartBuyTesting@323b36e0]" name="Chack_The_Discount_Price" class="SmartBuyTesting"/>
      </group> <!-- B -->
    </groups>
    <test started-at="2023-04-09T08:35:40 PDT" name="Default test" finished-at="2023-04-09T08:36:00 PDT" duration-ms="19529">
      <class name="SmartBuyTesting">
        <test-method is-config="true" signature="this_is_before_tist()[pri:0, instance:SmartBuyTesting@323b36e0]" started-at="2023-04-09T08:35:40 PDT" name="this_is_before_tist" finished-at="2023-04-09T08:35:48 PDT" duration-ms="7331" status="PASS">
          <reporter-output>
          </reporter-output>
        </test-method> <!-- this_is_before_tist -->
        <test-method signature="Chack_The_Correct_Price()[pri:0, instance:SmartBuyTesting@323b36e0]" started-at="2023-04-09T08:35:48 PDT" name="Chack_The_Correct_Price" finished-at="2023-04-09T08:35:48 PDT" duration-ms="46" status="PASS">
          <reporter-output>
          </reporter-output>
        </test-method> <!-- Chack_The_Correct_Price -->
        <test-method signature="Chack_The_Discount_Price()[pri:0, instance:SmartBuyTesting@323b36e0]" started-at="2023-04-09T08:35:48 PDT" name="Chack_The_Discount_Price" finished-at="2023-04-09T08:35:48 PDT" duration-ms="65" status="FAIL">
          <exception class="java.lang.AssertionError">
            <message>
              <![CDATA[The following asserts failed:
expected [1536.0] but found [1792.0]]]>
            </message>
            <full-stacktrace>
              <![CDATA[java.lang.AssertionError: The following asserts failed:
expected [1536.0] but found [1792.0]
at org.testng.asserts.SoftAssert.assertAll(SoftAssert.java:47)
at org.testng.asserts.SoftAssert.assertAll(SoftAssert.java:31)
at SmartBuyTesting.Chack_The_Discount_Price(SmartBuyTesting.java:122)
at java.base/jdk.internal.reflect.DirectMethodHandleAccessor.invoke(DirectMethodHandleAccessor.java:104)
at java.base/java.lang.reflect.Method.invoke(Method.java:578)
at org.testng.internal.MethodInvocationHelper.invokeMethod(MethodInvocationHelper.java:133)
at org.testng.internal.TestInvoker.invokeMethod(TestInvoker.java:598)
at org.testng.internal.TestInvoker.invokeTestMethod(TestInvoker.java:173)
at org.testng.internal.MethodRunner.runInSequence(MethodRunner.java:46)
at org.testng.internal.TestInvoker$MethodInvocationAgent.invoke(TestInvoker.java:824)
at org.testng.internal.TestInvoker.invokeTestMethods(TestInvoker.java:146)
at org.testng.internal.TestMethodWorker.invokeTestMethods(TestMethodWorker.java:146)
at org.testng.internal.TestMethodWorker.run(TestMethodWorker.java:128)
at java.base/java.util.ArrayList.forEach(ArrayList.java:1511)
at org.testng.TestRunner.privateRun(TestRunner.java:794)
at org.testng.TestRunner.run(TestRunner.java:596)
at org.testng.SuiteRunner.runTest(SuiteRunner.java:377)
at org.testng.SuiteRunner.runSequentially(SuiteRunner.java:371)
at org.testng.SuiteRunner.privateRun(SuiteRunner.java:332)
at org.testng.SuiteRunner.run(SuiteRunner.java:276)
at org.testng.SuiteRunnerWorker.runSuite(SuiteRunnerWorker.java:53)
at org.testng.SuiteRunnerWorker.run(SuiteRunnerWorker.java:96)
at org.testng.TestNG.runSuitesSequentially(TestNG.java:1212)
at org.testng.TestNG.runSuitesLocally(TestNG.java:1134)
at org.testng.TestNG.runSuites(TestNG.java:1063)
at org.testng.TestNG.run(TestNG.java:1031)
at org.testng.remote.AbstractRemoteTestNG.run(AbstractRemoteTestNG.java:115)
at org.testng.remote.RemoteTestNG.initAndRun(RemoteTestNG.java:251)
at org.testng.remote.RemoteTestNG.main(RemoteTestNG.java:77)
]]>
            </full-stacktrace>
          </exception> <!-- java.lang.AssertionError -->
          <reporter-output>
          </reporter-output>
        </test-method> <!-- Chack_The_Discount_Price -->
        <test-method signature="Test_Adding_Itdm_SAMSUNG_50_inch_SMART_4K()[pri:0, instance:SmartBuyTesting@323b36e0]" started-at="2023-04-09T08:35:48 PDT" name="Test_Adding_Itdm_SAMSUNG_50_inch_SMART_4K" finished-at="2023-04-09T08:36:00 PDT" duration-ms="12053" status="PASS">
          <reporter-output>
          </reporter-output>
        </test-method> <!-- Test_Adding_Itdm_SAMSUNG_50_inch_SMART_4K -->
      </class> <!-- SmartBuyTesting -->
    </test> <!-- Default test -->
  </suite> <!-- Default suite -->
</testng-results>
